<?xml version="1.0" encoding="UTF-8"?>
<!-- Generated by org.testng.reporters.JUnitXMLReporter -->
<testsuite ignored="0" hostname="DESKTOP-QUCBIS3" failures="1" tests="2" name="Error Validations Test" time="25.592" errors="0" timestamp="2024-06-06T17:52:20 IST">
  <testcase classname="FaisalAhmed.tests.ErrorValidationsTest" name="loginErrorValidations" time="5.33">
    <failure type="java.lang.AssertionError" message="expected [Login Successfully] but found [Incorrect email or password]">
      <![CDATA[java.lang.AssertionError: expected [Login Successfully] but found [Incorrect email or password]
at FaisalAhmed.tests.ErrorValidationsTest.loginErrorValidations(ErrorValidationsTest.java:28)
at java.base/java.util.ArrayList.forEach(ArrayList.java:1596)
at java.base/java.util.concurrent.FutureTask.run(FutureTask.java:317)
at java.base/java.util.concurrent.ThreadPoolExecutor.runWorker(ThreadPoolExecutor.java:1144)
at java.base/java.util.concurrent.ThreadPoolExecutor$Worker.run(ThreadPoolExecutor.java:642)
at java.base/java.lang.Thread.run(Thread.java:1583)
... Removed 21 stack frames]]>
    </failure>
  </testcase> <!-- loginErrorValidations -->
  <testcase classname="FaisalAhmed.tests.ErrorValidationsTest" name="productErrorValidations" time="3.219"/>
</testsuite> <!-- Error Validations Test -->
